{"C:\\Users\\ADMIN\\Desktop\\NAMASTEREACT\\FoodFest\\src\\components\\Body.js": {"path":"C:\\Users\\ADMIN\\Desktop\\NAMASTEREACT\\FoodFest\\src\\components\\Body.js","statementMap":{"0":{"start":{"line":8,"column":13},"end":{"line":50,"column":1}},"1":{"start":{"line":9,"column":31},"end":{"line":9,"column":43}},"2":{"start":{"line":10,"column":35},"end":{"line":10,"column":47}},"3":{"start":{"line":11,"column":33},"end":{"line":11,"column":45}},"4":{"start":{"line":13,"column":5},"end":{"line":15,"column":10}},"5":{"start":{"line":14,"column":8},"end":{"line":14,"column":22}},"6":{"start":{"line":16,"column":22},"end":{"line":23,"column":4}},"7":{"start":{"line":17,"column":19},"end":{"line":17,"column":40}},"8":{"start":{"line":18,"column":19},"end":{"line":18,"column":36}},"9":{"start":{"line":20,"column":8},"end":{"line":20,"column":94}},"10":{"start":{"line":21,"column":8},"end":{"line":21,"column":96}},"11":{"start":{"line":24,"column":2},"end":{"line":49,"column":3}},"12":{"start":{"line":28,"column":33},"end":{"line":28,"column":51}},"13":{"start":{"line":30,"column":52},"end":{"line":30,"column":79}},"14":{"start":{"line":33,"column":44},"end":{"line":33,"column":74}},"15":{"start":{"line":34,"column":20},"end":{"line":34,"column":35}},"16":{"start":{"line":37,"column":49},"end":{"line":37,"column":90}},"17":{"start":{"line":37,"column":69},"end":{"line":37,"column":89}},"18":{"start":{"line":38,"column":20},"end":{"line":38,"column":40}},"19":{"start":{"line":43,"column":11},"end":{"line":43,"column":128}}},"fnMap":{"0":{"name":"(anonymous_0)","decl":{"start":{"line":8,"column":13},"end":{"line":8,"column":14}},"loc":{"start":{"line":8,"column":19},"end":{"line":50,"column":1}},"line":8},"1":{"name":"(anonymous_1)","decl":{"start":{"line":13,"column":15},"end":{"line":13,"column":16}},"loc":{"start":{"line":13,"column":19},"end":{"line":15,"column":6}},"line":13},"2":{"name":"(anonymous_2)","decl":{"start":{"line":16,"column":22},"end":{"line":16,"column":23}},"loc":{"start":{"line":16,"column":31},"end":{"line":23,"column":4}},"line":16},"3":{"name":"(anonymous_3)","decl":{"start":{"line":28,"column":28},"end":{"line":28,"column":29}},"loc":{"start":{"line":28,"column":33},"end":{"line":28,"column":51}},"line":28},"4":{"name":"(anonymous_4)","decl":{"start":{"line":30,"column":47},"end":{"line":30,"column":48}},"loc":{"start":{"line":30,"column":52},"end":{"line":30,"column":79}},"line":30},"5":{"name":"(anonymous_5)","decl":{"start":{"line":33,"column":29},"end":{"line":33,"column":30}},"loc":{"start":{"line":33,"column":33},"end":{"line":34,"column":36}},"line":33},"6":{"name":"(anonymous_6)","decl":{"start":{"line":37,"column":29},"end":{"line":37,"column":30}},"loc":{"start":{"line":37,"column":33},"end":{"line":38,"column":41}},"line":37},"7":{"name":"(anonymous_7)","decl":{"start":{"line":37,"column":66},"end":{"line":37,"column":67}},"loc":{"start":{"line":37,"column":69},"end":{"line":37,"column":89}},"line":37},"8":{"name":"(anonymous_8)","decl":{"start":{"line":42,"column":24},"end":{"line":42,"column":25}},"loc":{"start":{"line":43,"column":11},"end":{"line":43,"column":128}},"line":43}},"branchMap":{"0":{"loc":{"start":{"line":24,"column":9},"end":{"line":49,"column":3}},"type":"cond-expr","locations":[{"start":{"line":24,"column":20},"end":{"line":24,"column":30}},{"start":{"line":25,"column":2},"end":{"line":48,"column":5}}],"line":24}},"s":{"0":1,"1":3,"2":2,"3":2,"4":2,"5":2,"6":2,"7":2,"8":2,"9":2,"10":2,"11":2,"12":0,"13":0,"14":0,"15":0,"16":0,"17":0,"18":0,"19":0},"f":{"0":3,"1":2,"2":2,"3":0,"4":0,"5":0,"6":0,"7":0,"8":0},"b":{"0":[0,2]},"_coverageSchema":"1a1c01bbd47fc00a2c39e90264f33305004495a9","hash":"a6842d21f7228f8054e89c56d0a2e56418a108cb"}
,"C:\\Users\\ADMIN\\Desktop\\NAMASTEREACT\\FoodFest\\src\\components\\Footer.js": {"path":"C:\\Users\\ADMIN\\Desktop\\NAMASTEREACT\\FoodFest\\src\\components\\Footer.js","statementMap":{"0":{"start":{"line":2,"column":15},"end":{"line":64,"column":1}},"1":{"start":{"line":4,"column":2},"end":{"line":63,"column":3}}},"fnMap":{"0":{"name":"(anonymous_0)","decl":{"start":{"line":2,"column":15},"end":{"line":2,"column":16}},"loc":{"start":{"line":2,"column":21},"end":{"line":64,"column":1}},"line":2}},"branchMap":{},"s":{"0":1,"1":1},"f":{"0":1},"b":{},"_coverageSchema":"1a1c01bbd47fc00a2c39e90264f33305004495a9","hash":"36bf562ab8697e7089928c86164045b6ee99815b"}
,"C:\\Users\\ADMIN\\Desktop\\NAMASTEREACT\\FoodFest\\src\\components\\Rescard.js": {"path":"C:\\Users\\ADMIN\\Desktop\\NAMASTEREACT\\FoodFest\\src\\components\\Rescard.js","statementMap":{"0":{"start":{"line":4,"column":16},"end":{"line":27,"column":1}},"1":{"start":{"line":5,"column":65},"end":{"line":5,"column":72}},"2":{"start":{"line":6,"column":2},"end":{"line":26,"column":3}}},"fnMap":{"0":{"name":"(anonymous_0)","decl":{"start":{"line":4,"column":16},"end":{"line":4,"column":17}},"loc":{"start":{"line":4,"column":31},"end":{"line":27,"column":1}},"line":4}},"branchMap":{"0":{"loc":{"start":{"line":16,"column":21},"end":{"line":20,"column":40}},"type":"cond-expr","locations":[{"start":{"line":16,"column":33},"end":{"line":18,"column":25}},{"start":{"line":18,"column":26},"end":{"line":20,"column":40}}],"line":16}},"s":{"0":1,"1":0,"2":0},"f":{"0":0},"b":{"0":[0,0]},"_coverageSchema":"1a1c01bbd47fc00a2c39e90264f33305004495a9","hash":"3aa379c4e844d35d70e7f0ed0c50dcfb69a29204"}
,"C:\\Users\\ADMIN\\Desktop\\NAMASTEREACT\\FoodFest\\src\\components\\Shimmer.js": {"path":"C:\\Users\\ADMIN\\Desktop\\NAMASTEREACT\\FoodFest\\src\\components\\Shimmer.js","statementMap":{"0":{"start":{"line":1,"column":16},"end":{"line":7,"column":3}},"1":{"start":{"line":2,"column":4},"end":{"line":6,"column":5}},"2":{"start":{"line":4,"column":43},"end":{"line":4,"column":104}}},"fnMap":{"0":{"name":"(anonymous_0)","decl":{"start":{"line":1,"column":16},"end":{"line":1,"column":17}},"loc":{"start":{"line":1,"column":22},"end":{"line":7,"column":3}},"line":1},"1":{"name":"(anonymous_1)","decl":{"start":{"line":4,"column":32},"end":{"line":4,"column":33}},"loc":{"start":{"line":4,"column":43},"end":{"line":4,"column":104}},"line":4}},"branchMap":{},"s":{"0":1,"1":0,"2":0},"f":{"0":0,"1":0},"b":{},"_coverageSchema":"1a1c01bbd47fc00a2c39e90264f33305004495a9","hash":"f2a10931ba8ccf9556c82cf073d29f01e30d191b"}
,"C:\\Users\\ADMIN\\Desktop\\NAMASTEREACT\\FoodFest\\src\\components\\sum.js": {"path":"C:\\Users\\ADMIN\\Desktop\\NAMASTEREACT\\FoodFest\\src\\components\\sum.js","statementMap":{"0":{"start":{"line":2,"column":12},"end":{"line":4,"column":1}},"1":{"start":{"line":3,"column":2},"end":{"line":3,"column":12}}},"fnMap":{"0":{"name":"(anonymous_0)","decl":{"start":{"line":2,"column":12},"end":{"line":2,"column":13}},"loc":{"start":{"line":2,"column":21},"end":{"line":4,"column":1}},"line":2}},"branchMap":{},"s":{"0":1,"1":1},"f":{"0":1},"b":{},"_coverageSchema":"1a1c01bbd47fc00a2c39e90264f33305004495a9","hash":"7566a2ba370735dca86af7f7d5ab04fd121c79e0"}
,"C:\\Users\\ADMIN\\Desktop\\NAMASTEREACT\\FoodFest\\src\\utils\\constants.js": {"path":"C:\\Users\\ADMIN\\Desktop\\NAMASTEREACT\\FoodFest\\src\\utils\\constants.js","statementMap":{"0":{"start":{"line":1,"column":22},"end":{"line":1,"column":96}},"1":{"start":{"line":4,"column":2},"end":{"line":4,"column":93}},"2":{"start":{"line":7,"column":0},"end":{"line":7,"column":123}},"3":{"start":{"line":10,"column":0},"end":{"line":10,"column":109}},"4":{"start":{"line":12,"column":30},"end":{"line":12,"column":131}},"5":{"start":{"line":14,"column":31},"end":{"line":14,"column":106}},"6":{"start":{"line":16,"column":28},"end":{"line":16,"column":195}}},"fnMap":{},"branchMap":{},"s":{"0":2,"1":2,"2":2,"3":2,"4":2,"5":2,"6":2},"f":{},"b":{},"_coverageSchema":"1a1c01bbd47fc00a2c39e90264f33305004495a9","hash":"9c141bb3116324c781cc46fc48af6169b6ebb986"}
,"C:\\Users\\ADMIN\\Desktop\\NAMASTEREACT\\FoodFest\\src\\utils\\customhooks.js": {"path":"C:\\Users\\ADMIN\\Desktop\\NAMASTEREACT\\FoodFest\\src\\utils\\customhooks.js","statementMap":{"0":{"start":{"line":3,"column":23},"end":{"line":15,"column":1}},"1":{"start":{"line":4,"column":32},"end":{"line":4,"column":46}},"2":{"start":{"line":5,"column":4},"end":{"line":7,"column":9}},"3":{"start":{"line":6,"column":8},"end":{"line":6,"column":21}},"4":{"start":{"line":9,"column":19},"end":{"line":9,"column":46}},"5":{"start":{"line":10,"column":19},"end":{"line":10,"column":36}},"6":{"start":{"line":12,"column":6},"end":{"line":12,"column":29}},"7":{"start":{"line":14,"column":2},"end":{"line":14,"column":17}},"8":{"start":{"line":18,"column":23},"end":{"line":32,"column":1}},"9":{"start":{"line":20,"column":38},"end":{"line":20,"column":52}},"10":{"start":{"line":21,"column":21},"end":{"line":21,"column":46}},"11":{"start":{"line":21,"column":25},"end":{"line":21,"column":46}},"12":{"start":{"line":22,"column":22},"end":{"line":22,"column":48}},"13":{"start":{"line":22,"column":26},"end":{"line":22,"column":48}},"14":{"start":{"line":23,"column":2},"end":{"line":30,"column":7}},"15":{"start":{"line":24,"column":6},"end":{"line":24,"column":52}},"16":{"start":{"line":25,"column":6},"end":{"line":25,"column":54}},"17":{"start":{"line":26,"column":6},"end":{"line":29,"column":7}},"18":{"start":{"line":27,"column":8},"end":{"line":27,"column":57}},"19":{"start":{"line":28,"column":8},"end":{"line":28,"column":59}},"20":{"start":{"line":31,"column":2},"end":{"line":31,"column":21}}},"fnMap":{"0":{"name":"(anonymous_0)","decl":{"start":{"line":3,"column":23},"end":{"line":3,"column":24}},"loc":{"start":{"line":3,"column":34},"end":{"line":15,"column":1}},"line":3},"1":{"name":"(anonymous_1)","decl":{"start":{"line":5,"column":14},"end":{"line":5,"column":15}},"loc":{"start":{"line":5,"column":18},"end":{"line":7,"column":5}},"line":5},"2":{"name":"getMenuData","decl":{"start":{"line":8,"column":19},"end":{"line":8,"column":30}},"loc":{"start":{"line":8,"column":32},"end":{"line":13,"column":5}},"line":8},"3":{"name":"(anonymous_3)","decl":{"start":{"line":18,"column":23},"end":{"line":18,"column":24}},"loc":{"start":{"line":18,"column":27},"end":{"line":32,"column":1}},"line":18},"4":{"name":"(anonymous_4)","decl":{"start":{"line":21,"column":21},"end":{"line":21,"column":22}},"loc":{"start":{"line":21,"column":25},"end":{"line":21,"column":46}},"line":21},"5":{"name":"(anonymous_5)","decl":{"start":{"line":22,"column":22},"end":{"line":22,"column":23}},"loc":{"start":{"line":22,"column":26},"end":{"line":22,"column":48}},"line":22},"6":{"name":"(anonymous_6)","decl":{"start":{"line":23,"column":12},"end":{"line":23,"column":13}},"loc":{"start":{"line":23,"column":16},"end":{"line":30,"column":3}},"line":23},"7":{"name":"(anonymous_7)","decl":{"start":{"line":26,"column":12},"end":{"line":26,"column":13}},"loc":{"start":{"line":26,"column":16},"end":{"line":29,"column":7}},"line":26}},"branchMap":{},"s":{"0":1,"1":0,"2":0,"3":0,"4":0,"5":0,"6":0,"7":0,"8":1,"9":0,"10":0,"11":0,"12":0,"13":0,"14":0,"15":0,"16":0,"17":0,"18":0,"19":0,"20":0},"f":{"0":0,"1":0,"2":0,"3":0,"4":0,"5":0,"6":0,"7":0},"b":{},"_coverageSchema":"1a1c01bbd47fc00a2c39e90264f33305004495a9","hash":"1bd81bc349ddb6a804380b19b6f25616f5c3dfbe"}
,"C:\\Users\\ADMIN\\Desktop\\NAMASTEREACT\\FoodFest\\src\\utils\\helper.js": {"path":"C:\\Users\\ADMIN\\Desktop\\NAMASTEREACT\\FoodFest\\src\\utils\\helper.js","statementMap":{"0":{"start":{"line":1,"column":24},"end":{"line":5,"column":1}},"1":{"start":{"line":2,"column":4},"end":{"line":4,"column":5}},"2":{"start":{"line":3,"column":24},"end":{"line":3,"column":78}}},"fnMap":{"0":{"name":"(anonymous_0)","decl":{"start":{"line":1,"column":24},"end":{"line":1,"column":25}},"loc":{"start":{"line":1,"column":36},"end":{"line":5,"column":1}},"line":1},"1":{"name":"(anonymous_1)","decl":{"start":{"line":3,"column":21},"end":{"line":3,"column":22}},"loc":{"start":{"line":3,"column":24},"end":{"line":3,"column":78}},"line":3}},"branchMap":{},"s":{"0":1,"1":0,"2":0},"f":{"0":0,"1":0},"b":{},"_coverageSchema":"1a1c01bbd47fc00a2c39e90264f33305004495a9","hash":"2aeb21eb99a5ef0f5acf72cf6df422ad5af07f29"}
}
